<?xml version="1.0" encoding="UTF-8"?>
<testng-results ignored="0" total="2" passed="2" failed="0" skipped="0">
  <reporter-output>
  </reporter-output>
  <suite started-at="2025-09-20T20:49:07 IST" name="AutomationFrameworkSuite" finished-at="2025-09-20T20:49:48 IST" duration-ms="40904">
    <groups>
    </groups>
    <test started-at="2025-09-20T20:49:07 IST" name="LoginTests" finished-at="2025-09-20T20:49:25 IST" duration-ms="18187">
      <class name="com.testcloudeagle.LoginTest">
        <test-method is-config="true" signature="setUp()[pri:0, instance:com.testcloudeagle.LoginTest@4c371370]" started-at="2025-09-20T20:49:07 IST" name="setUp" finished-at="2025-09-20T20:49:11 IST" duration-ms="4647" status="PASS">
          <reporter-output>
          </reporter-output>
        </test-method> <!-- setUp -->
        <test-method signature="testValidLogin()[pri:0, instance:com.testcloudeagle.LoginTest@4c371370]" started-at="2025-09-20T20:49:11 IST" name="testValidLogin" description="Valid login flow with explicit waits" finished-at="2025-09-20T20:49:24 IST" duration-ms="12966" status="PASS">
          <reporter-output>
          </reporter-output>
        </test-method> <!-- testValidLogin -->
        <test-method is-config="true" signature="tearDown()[pri:0, instance:com.testcloudeagle.LoginTest@4c371370]" started-at="2025-09-20T20:49:24 IST" name="tearDown" finished-at="2025-09-20T20:49:25 IST" duration-ms="470" status="PASS">
          <reporter-output>
          </reporter-output>
        </test-method> <!-- tearDown -->
      </class> <!-- com.testcloudeagle.LoginTest -->
    </test> <!-- LoginTests -->
    <test started-at="2025-09-20T20:49:25 IST" name="DashboardTests" finished-at="2025-09-20T20:49:48 IST" duration-ms="22592">
      <class name="com.testcloudeagle.DashboardTest">
        <test-method is-config="true" signature="setUp()[pri:0, instance:com.testcloudeagle.DashboardTest@3cd3e762]" started-at="2025-09-20T20:49:25 IST" name="setUp" finished-at="2025-09-20T20:49:26 IST" duration-ms="1306" status="PASS">
          <reporter-output>
          </reporter-output>
        </test-method> <!-- setUp -->
        <test-method signature="testManagedApplicationsCount()[pri:0, instance:com.testcloudeagle.DashboardTest@3cd3e762]" started-at="2025-09-20T20:49:26 IST" name="testManagedApplicationsCount" description="Validate Managed Applications count matches Applications page count" finished-at="2025-09-20T20:49:47 IST" duration-ms="20716" status="PASS">
          <reporter-output>
          </reporter-output>
        </test-method> <!-- testManagedApplicationsCount -->
        <test-method is-config="true" signature="tearDown()[pri:0, instance:com.testcloudeagle.DashboardTest@3cd3e762]" started-at="2025-09-20T20:49:47 IST" name="tearDown" finished-at="2025-09-20T20:49:48 IST" duration-ms="530" status="PASS">
          <reporter-output>
          </reporter-output>
        </test-method> <!-- tearDown -->
      </class> <!-- com.testcloudeagle.DashboardTest -->
    </test> <!-- DashboardTests -->
  </suite> <!-- AutomationFrameworkSuite -->
</testng-results>
